2025-10-14 19:29:17,305 [INFO] cola_logger -  Consultando cola='cola_1', id_tarea='ddb68dd3-f760-436d-bf97-4d7e9c443656'
2025-10-14 19:29:17,322 [INFO] cola_logger -  Resultado obtenido para tarea 'ddb68dd3-f760-436d-bf97-4d7e9c443656': None
2025-10-14 19:29:17,323 [INFO] cola_logger - Tarea 'ddb68dd3-f760-436d-bf97-4d7e9c443656' aún en proceso en cola 'cola_1'.
2025-10-14 19:30:06,843 [INFO] cola_logger -  Acceso al archivo de logs solicitado.
2025-10-15 16:12:41,986 [INFO] cola_logger - Consultando cola='cola_1', id_tarea='ddb68dd3-f760-436d-bf97-4d7e9c443656'
2025-10-15 16:12:42,003 [INFO] cola_logger - Resultado obtenido para tarea 'ddb68dd3-f760-436d-bf97-4d7e9c443656':
2025-10-15 16:12:42,004 [ERROR] cola_logger - Tarea 'ddb68dd3-f760-436d-bf97-4d7e9c443656' terminó con error: No hay cupos disponibles en el grupo 'Grupo A - Estructuras' (ID: 3)
2025-10-15 16:12:42,005 [WARNING] cola_logger - AppError TASK_FAILED: La tarea terminó con error.
2025-10-15 16:13:23,850 [INFO] cola_logger - Consultando cola='cola_1', id_tarea='b5de700a-edce-4a88-a147-e78003b38b66'
2025-10-15 16:13:23,860 [INFO] cola_logger - Resultado obtenido para tarea 'b5de700a-edce-4a88-a147-e78003b38b66':
2025-10-15 16:13:23,861 [INFO] cola_logger - Tarea 'b5de700a-edce-4a88-a147-e78003b38b66' completada exitosamente en cola 'cola_1'.
2025-10-15 16:13:51,300 [INFO] cola_logger - Consultando cola='cola_1', id_tarea='6d245d61-ade2-49aa-bf77-c17d03c422a7'
2025-10-15 16:13:51,305 [INFO] cola_logger - Resultado obtenido para tarea '6d245d61-ade2-49aa-bf77-c17d03c422a7':
2025-10-15 16:13:51,306 [ERROR] cola_logger - Tarea '6d245d61-ade2-49aa-bf77-c17d03c422a7' terminó con error: No hay cupos disponibles en el grupo 'Grupo A - Estructuras' (ID: 3)
2025-10-15 16:13:51,307 [WARNING] cola_logger - AppError TASK_FAILED: La tarea terminó con error.
2025-10-15 16:19:12,043 [INFO] cola_logger - Consultando cola='cola_1', id_tarea='6d245d61-ade2-49aa-bf77-c17d03c422a7'
2025-10-15 16:19:12,054 [INFO] cola_logger - Resultado obtenido para tarea '6d245d61-ade2-49aa-bf77-c17d03c422a7':
2025-10-15 16:19:12,055 [ERROR] cola_logger - Tarea '6d245d61-ade2-49aa-bf77-c17d03c422a7' terminó con error: No hay cupos disponibles en el grupo 'Grupo A - Estructuras' (ID: 3)
2025-10-15 16:19:12,056 [WARNING] cola_logger - AppError {'error': "No hay cupos disponibles en el grupo 'Grupo A - Estructuras' (ID: 3)"}: La tarea terminó con error.
2025-10-15 16:22:59,150 [INFO] cola_logger - Consultando cola='cola_1', id_tarea='6d245d61-ade2-49aa-bf77-c17d03c422a7'
2025-10-15 16:22:59,172 [INFO] cola_logger - Resultado obtenido para tarea '6d245d61-ade2-49aa-bf77-c17d03c422a7':
2025-10-15 16:22:59,173 [ERROR] cola_logger - Tarea '6d245d61-ade2-49aa-bf77-c17d03c422a7' terminó con error: No hay cupos disponibles en el grupo 'Grupo A - Estructuras' (ID: 3)
2025-10-15 16:22:59,174 [WARNING] cola_logger - AppError {'error': "No hay cupos disponibles en el grupo 'Grupo A - Estructuras' (ID: 3)"}: La tarea terminó con error.
2025-10-15 16:23:14,364 [INFO] cola_logger - Consultando cola='cola_1', id_tarea='6d245d61-ade2-49aa-bf77-c17d03c422a7'
2025-10-15 16:23:16,665 [ERROR] cola_logger - Error al obtener resultado de '6d245d61-ade2-49aa-bf77-c17d03c422a7': Error while reading from localhost:6379 : (10054, 'Se ha forzado la interrupción de una conexión existente por el host remoto', None, 10054, None)
2025-10-15 16:23:16,669 [WARNING] cola_logger - AppError TASK_RESULT_FETCH_ERROR: Error al obtener el resultado de la tarea.
2025-10-15 16:23:28,290 [INFO] cola_logger - Consultando cola='cola_1', id_tarea='6d245d61-ade2-49aa-bf77-c17d03c422a7'
2025-10-15 16:23:33,097 [ERROR] cola_logger - Error al obtener resultado de '6d245d61-ade2-49aa-bf77-c17d03c422a7': Error 10061 connecting to localhost:6379. No se puede establecer una conexión ya que el equipo de destino denegó expresamente dicha conexión.
2025-10-15 16:23:33,100 [WARNING] cola_logger - AppError TASK_RESULT_FETCH_ERROR: Error al obtener el resultado de la tarea.
2025-10-15 16:23:42,551 [INFO] cola_logger - Consultando cola='cola_1', id_tarea='6d245d61-ade2-49aa-bf77-c17d03c422a7'
2025-10-15 16:23:42,759 [INFO] cola_logger - Resultado obtenido para tarea '6d245d61-ade2-49aa-bf77-c17d03c422a7':
2025-10-15 16:23:42,761 [ERROR] cola_logger - Tarea '6d245d61-ade2-49aa-bf77-c17d03c422a7' terminó con error: No hay cupos disponibles en el grupo 'Grupo A - Estructuras' (ID: 3)
2025-10-15 16:23:42,765 [WARNING] cola_logger - AppError {'error': "No hay cupos disponibles en el grupo 'Grupo A - Estructuras' (ID: 3)"}: La tarea terminó con error.
2025-10-15 16:23:58,261 [INFO] cola_logger - Consultando cola='cola_1', id_tarea='85f2c647-3a84-41c9-93ba-499cc1bfa4e7'
2025-10-15 16:23:58,311 [INFO] cola_logger - Resultado obtenido para tarea '85f2c647-3a84-41c9-93ba-499cc1bfa4e7':
2025-10-15 16:23:58,311 [INFO] cola_logger - Tarea '85f2c647-3a84-41c9-93ba-499cc1bfa4e7' completada exitosamente en cola 'cola_1'.
2025-10-15 16:25:02,481 [INFO] cola_logger - Consultando cola='cola_1', id_tarea='85f2c647-3a80-41c9-93ba-499cc1bfa4e7'
2025-10-15 16:25:02,485 [INFO] cola_logger - Resultado obtenido para tarea '85f2c647-3a80-41c9-93ba-499cc1bfa4e7':
2025-10-15 16:25:02,487 [INFO] cola_logger - Tarea '85f2c647-3a80-41c9-93ba-499cc1bfa4e7' aún en proceso en cola 'cola_1'.
2025-10-15 16:25:11,467 [INFO] cola_logger - Consultando cola='cola_1', id_tarea='85f2c647-3a80-41c9-93ba-499cc1777fa4e7'
2025-10-15 16:25:11,471 [INFO] cola_logger - Resultado obtenido para tarea '85f2c647-3a80-41c9-93ba-499cc1777fa4e7':
2025-10-15 16:25:11,472 [INFO] cola_logger - Tarea '85f2c647-3a80-41c9-93ba-499cc1777fa4e7' aún en proceso en cola 'cola_1'.
2025-10-15 16:25:29,620 [INFO] cola_logger - Consultando cola='cola6_1', id_tarea='85f2c647-3a80-41c9-93ba-499cc1777fa4e7'
2025-10-15 16:25:29,621 [WARNING] cola_logger - AppError QUEUE_NOT_FOUND: Cola 'cola6_1' no existe.
2025-10-15 16:25:45,984 [INFO] cola_logger - Consultando cola='cola_1', id_tarea='85f2c647-3a80-41c9-93ba-499cc1777fa4e7'
2025-10-15 16:25:45,987 [INFO] cola_logger - Resultado obtenido para tarea '85f2c647-3a80-41c9-93ba-499cc1777fa4e7':
2025-10-15 16:25:45,988 [INFO] cola_logger - Tarea '85f2c647-3a80-41c9-93ba-499cc1777fa4e7' aún en proceso en cola 'cola_1'.
2025-10-15 16:26:52,272 [INFO] cola_logger -  Acceso al archivo de logs solicitado.
